c:\users\ssole\source\repos\solengineproject\solengine\debug\solengine.pdb
c:\users\ssole\source\repos\solengineproject\solengine\debug\solengine.idb
c:\users\ssole\source\repos\solengineproject\solengine\debug\window.obj
c:\users\ssole\source\repos\solengineproject\solengine\debug\texturecache.obj
c:\users\ssole\source\repos\solengineproject\solengine\debug\spritebatch.obj
c:\users\ssole\source\repos\solengineproject\solengine\debug\sdlinitialiser.obj
c:\users\ssole\source\repos\solengineproject\solengine\debug\resourcemanager.obj
c:\users\ssole\source\repos\solengineproject\solengine\debug\picopng.obj
c:\users\ssole\source\repos\solengineproject\solengine\debug\iomanager.obj
c:\users\ssole\source\repos\solengineproject\solengine\debug\inputmanager.obj
c:\users\ssole\source\repos\solengineproject\solengine\debug\imageloader.obj
c:\users\ssole\source\repos\solengineproject\solengine\debug\glslprogram.obj
c:\users\ssole\source\repos\solengineproject\solengine\debug\fpsmanager.obj
c:\users\ssole\source\repos\solengineproject\solengine\debug\errorhandler.obj
c:\users\ssole\source\repos\solengineproject\solengine\debug\camera2d.obj
c:\users\ssole\source\repos\solengineproject\debug\solengine.lib
c:\users\ssole\source\repos\solengineproject\debug\solengine.pdb
c:\users\ssole\source\repos\solengineproject\solengine\debug\solengine.tlog\cl.command.1.tlog
c:\users\ssole\source\repos\solengineproject\solengine\debug\solengine.tlog\cl.read.1.tlog
c:\users\ssole\source\repos\solengineproject\solengine\debug\solengine.tlog\cl.write.1.tlog
c:\users\ssole\source\repos\solengineproject\solengine\debug\solengine.tlog\lib-link.read.1.tlog
c:\users\ssole\source\repos\solengineproject\solengine\debug\solengine.tlog\lib-link.write.1.tlog
c:\users\ssole\source\repos\solengineproject\solengine\debug\solengine.tlog\lib.command.1.tlog
