c:\users\ssole\source\repos\solengineproject\zombiegame\debug\vc141.pdb
c:\users\ssole\source\repos\solengineproject\zombiegame\debug\vc141.idb
c:\users\ssole\source\repos\solengineproject\zombiegame\debug\zombie.obj
c:\users\ssole\source\repos\solengineproject\zombiegame\debug\player.obj
c:\users\ssole\source\repos\solengineproject\zombiegame\debug\maingame.obj
c:\users\ssole\source\repos\solengineproject\zombiegame\debug\main.obj
c:\users\ssole\source\repos\solengineproject\zombiegame\debug\level.obj
c:\users\ssole\source\repos\solengineproject\zombiegame\debug\human.obj
c:\users\ssole\source\repos\solengineproject\zombiegame\debug\gun.obj
c:\users\ssole\source\repos\solengineproject\zombiegame\debug\view.obj
c:\users\ssole\source\repos\solengineproject\zombiegame\debug\controller.obj
c:\users\ssole\source\repos\solengineproject\zombiegame\debug\bullet.obj
c:\users\ssole\source\repos\solengineproject\zombiegame\debug\agent.obj
c:\users\ssole\source\repos\solengineproject\debug\zombiegame.ilk
c:\users\ssole\source\repos\solengineproject\debug\zombiegame.exe
c:\users\ssole\source\repos\solengineproject\debug\zombiegame.pdb
c:\users\ssole\source\repos\solengineproject\zombiegame\debug\zombiegame.tlog\cl.command.1.tlog
c:\users\ssole\source\repos\solengineproject\zombiegame\debug\zombiegame.tlog\cl.read.1.tlog
c:\users\ssole\source\repos\solengineproject\zombiegame\debug\zombiegame.tlog\cl.write.1.tlog
c:\users\ssole\source\repos\solengineproject\zombiegame\debug\zombiegame.tlog\link.command.1.tlog
c:\users\ssole\source\repos\solengineproject\zombiegame\debug\zombiegame.tlog\link.read.1.tlog
c:\users\ssole\source\repos\solengineproject\zombiegame\debug\zombiegame.tlog\link.write.1.tlog
