  Pathfinder.cpp
c:\users\ssole\source\repos\solengineproject\zombiegame\pathfinder.cpp(37): warning C4244: 'argument': conversion from 'T' to 'const unsigned int', possible loss of data
          with
          [
              T=float
          ]
c:\users\ssole\source\repos\solengineproject\zombiegame\pathfinder.cpp(37): warning C4244: 'argument': conversion from 'float' to 'int', possible loss of data
c:\users\ssole\source\repos\solengineproject\zombiegame\pathfinder.cpp(38): warning C4244: 'argument': conversion from 'T' to 'const unsigned int', possible loss of data
          with
          [
              T=float
          ]
c:\users\ssole\source\repos\solengineproject\zombiegame\pathfinder.cpp(51): warning C4018: '<': signed/unsigned mismatch
c:\users\ssole\source\repos\solengineproject\zombiegame\pathfinder.cpp(53): warning C4018: '<': signed/unsigned mismatch
c:\users\ssole\source\repos\solengineproject\zombiegame\pathfinder.cpp(92): warning C4018: '<': signed/unsigned mismatch
c:\users\ssole\source\repos\solengineproject\zombiegame\pathfinder.cpp(94): warning C4018: '<': signed/unsigned mismatch
c:\users\ssole\source\repos\solengineproject\zombiegame\pathfinder.cpp(108): warning C4244: 'argument': conversion from 'T' to 'const unsigned int', possible loss of data
          with
          [
              T=float
          ]
c:\users\ssole\source\repos\solengineproject\zombiegame\pathfinder.cpp(125): warning C4244: 'argument': conversion from 'T' to 'const unsigned int', possible loss of data
          with
          [
              T=float
          ]
c:\users\ssole\source\repos\solengineproject\zombiegame\pathfinder.cpp(125): warning C4244: 'initializing': conversion from 'int' to 'float', possible loss of data
c:\users\ssole\source\repos\solengineproject\zombiegame\pathfinder.cpp(132): warning C4244: 'argument': conversion from 'T' to 'const unsigned int', possible loss of data
          with
          [
              T=float
          ]
c:\users\ssole\source\repos\solengineproject\zombiegame\pathfinder.cpp(135): warning C4244: 'argument': conversion from 'T' to 'const unsigned int', possible loss of data
          with
          [
              T=float
          ]
c:\users\ssole\source\repos\solengineproject\zombiegame\pathfinder.cpp(137): warning C4244: 'argument': conversion from 'T' to 'const unsigned int', possible loss of data
          with
          [
              T=float
          ]
c:\users\ssole\source\repos\solengineproject\zombiegame\pathfinder.cpp(137): warning C4244: 'argument': conversion from 'float' to 'int', possible loss of data
c:\users\ssole\source\repos\solengineproject\zombiegame\pathfinder.cpp(138): warning C4244: 'argument': conversion from 'T' to 'const unsigned int', possible loss of data
          with
          [
              T=float
          ]
c:\users\ssole\source\repos\solengineproject\zombiegame\pathfinder.cpp(138): warning C4244: 'argument': conversion from 'float' to 'int', possible loss of data
c:\users\ssole\source\repos\solengineproject\zombiegame\pathfinder.cpp(139): warning C4244: 'argument': conversion from 'T' to 'const unsigned int', possible loss of data
          with
          [
              T=float
          ]
c:\users\ssole\source\repos\solengineproject\zombiegame\pathfinder.cpp(153): warning C4244: 'argument': conversion from 'T' to 'const unsigned int', possible loss of data
          with
          [
              T=float
          ]
c:\users\ssole\source\repos\solengineproject\zombiegame\pathfinder.cpp(155): warning C4244: 'argument': conversion from 'T' to 'const unsigned int', possible loss of data
          with
          [
              T=float
          ]
c:\users\ssole\source\repos\solengineproject\zombiegame\pathfinder.cpp(157): warning C4244: 'argument': conversion from 'T' to 'const unsigned int', possible loss of data
          with
          [
              T=float
          ]
c:\users\ssole\source\repos\solengineproject\zombiegame\pathfinder.cpp(157): warning C4244: 'argument': conversion from 'float' to 'int', possible loss of data
c:\users\ssole\source\repos\solengineproject\zombiegame\pathfinder.cpp(158): warning C4244: 'argument': conversion from 'T' to 'const unsigned int', possible loss of data
          with
          [
              T=float
          ]
c:\users\ssole\source\repos\solengineproject\zombiegame\pathfinder.cpp(158): warning C4244: 'argument': conversion from 'float' to 'int', possible loss of data
c:\users\ssole\source\repos\solengineproject\zombiegame\pathfinder.cpp(159): warning C4244: 'argument': conversion from 'T' to 'const unsigned int', possible loss of data
          with
          [
              T=float
          ]
c:\users\ssole\source\repos\solengineproject\zombiegame\pathfinder.cpp(173): warning C4244: 'argument': conversion from 'T' to 'const unsigned int', possible loss of data
          with
          [
              T=float
          ]
c:\users\ssole\source\repos\solengineproject\zombiegame\pathfinder.cpp(175): warning C4244: 'argument': conversion from 'T' to 'const unsigned int', possible loss of data
          with
          [
              T=float
          ]
c:\users\ssole\source\repos\solengineproject\zombiegame\pathfinder.cpp(177): warning C4244: 'argument': conversion from 'T' to 'const unsigned int', possible loss of data
          with
          [
              T=float
          ]
c:\users\ssole\source\repos\solengineproject\zombiegame\pathfinder.cpp(177): warning C4244: 'argument': conversion from 'float' to 'int', possible loss of data
c:\users\ssole\source\repos\solengineproject\zombiegame\pathfinder.cpp(178): warning C4244: 'argument': conversion from 'T' to 'const unsigned int', possible loss of data
          with
          [
              T=float
          ]
c:\users\ssole\source\repos\solengineproject\zombiegame\pathfinder.cpp(178): warning C4244: 'argument': conversion from 'float' to 'int', possible loss of data
c:\users\ssole\source\repos\solengineproject\zombiegame\pathfinder.cpp(179): warning C4244: 'argument': conversion from 'T' to 'const unsigned int', possible loss of data
          with
          [
              T=float
          ]
c:\users\ssole\source\repos\solengineproject\zombiegame\pathfinder.cpp(193): warning C4244: 'argument': conversion from 'T' to 'const unsigned int', possible loss of data
          with
          [
              T=float
          ]
c:\users\ssole\source\repos\solengineproject\zombiegame\pathfinder.cpp(195): warning C4244: 'argument': conversion from 'T' to 'const unsigned int', possible loss of data
          with
          [
              T=float
          ]
c:\users\ssole\source\repos\solengineproject\zombiegame\pathfinder.cpp(197): warning C4244: 'argument': conversion from 'T' to 'const unsigned int', possible loss of data
          with
          [
              T=float
          ]
c:\users\ssole\source\repos\solengineproject\zombiegame\pathfinder.cpp(197): warning C4244: 'argument': conversion from 'float' to 'int', possible loss of data
c:\users\ssole\source\repos\solengineproject\zombiegame\pathfinder.cpp(198): warning C4244: 'argument': conversion from 'T' to 'const unsigned int', possible loss of data
          with
          [
              T=float
          ]
c:\users\ssole\source\repos\solengineproject\zombiegame\pathfinder.cpp(198): warning C4244: 'argument': conversion from 'float' to 'int', possible loss of data
c:\users\ssole\source\repos\solengineproject\zombiegame\pathfinder.cpp(199): warning C4244: 'argument': conversion from 'T' to 'const unsigned int', possible loss of data
          with
          [
              T=float
          ]
c:\users\ssole\source\repos\solengineproject\zombiegame\pathfinder.cpp(213): warning C4244: 'argument': conversion from 'T' to 'const unsigned int', possible loss of data
          with
          [
              T=float
          ]
c:\users\ssole\source\repos\solengineproject\zombiegame\pathfinder.cpp(215): warning C4244: 'argument': conversion from 'T' to 'const unsigned int', possible loss of data
          with
          [
              T=float
          ]
c:\users\ssole\source\repos\solengineproject\zombiegame\pathfinder.cpp(217): warning C4244: 'argument': conversion from 'T' to 'const unsigned int', possible loss of data
          with
          [
              T=float
          ]
c:\users\ssole\source\repos\solengineproject\zombiegame\pathfinder.cpp(217): warning C4244: 'argument': conversion from 'float' to 'int', possible loss of data
c:\users\ssole\source\repos\solengineproject\zombiegame\pathfinder.cpp(218): warning C4244: 'argument': conversion from 'T' to 'const unsigned int', possible loss of data
          with
          [
              T=float
          ]
c:\users\ssole\source\repos\solengineproject\zombiegame\pathfinder.cpp(218): warning C4244: 'argument': conversion from 'float' to 'int', possible loss of data
c:\users\ssole\source\repos\solengineproject\zombiegame\pathfinder.cpp(219): warning C4244: 'argument': conversion from 'T' to 'const unsigned int', possible loss of data
          with
          [
              T=float
          ]
c:\users\ssole\source\repos\solengineproject\zombiegame\pathfinder.cpp(233): warning C4244: 'argument': conversion from 'T' to 'const unsigned int', possible loss of data
          with
          [
              T=float
          ]
c:\users\ssole\source\repos\solengineproject\zombiegame\pathfinder.cpp(235): warning C4244: 'argument': conversion from 'T' to 'const unsigned int', possible loss of data
          with
          [
              T=float
          ]
c:\users\ssole\source\repos\solengineproject\zombiegame\pathfinder.cpp(237): warning C4244: 'argument': conversion from 'T' to 'const unsigned int', possible loss of data
          with
          [
              T=float
          ]
c:\users\ssole\source\repos\solengineproject\zombiegame\pathfinder.cpp(237): warning C4244: 'argument': conversion from 'float' to 'int', possible loss of data
c:\users\ssole\source\repos\solengineproject\zombiegame\pathfinder.cpp(238): warning C4244: 'argument': conversion from 'T' to 'const unsigned int', possible loss of data
          with
          [
              T=float
          ]
c:\users\ssole\source\repos\solengineproject\zombiegame\pathfinder.cpp(238): warning C4244: 'argument': conversion from 'float' to 'int', possible loss of data
c:\users\ssole\source\repos\solengineproject\zombiegame\pathfinder.cpp(239): warning C4244: 'argument': conversion from 'T' to 'const unsigned int', possible loss of data
          with
          [
              T=float
          ]
c:\users\ssole\source\repos\solengineproject\zombiegame\pathfinder.cpp(253): warning C4244: 'argument': conversion from 'T' to 'const unsigned int', possible loss of data
          with
          [
              T=float
          ]
c:\users\ssole\source\repos\solengineproject\zombiegame\pathfinder.cpp(255): warning C4244: 'argument': conversion from 'T' to 'const unsigned int', possible loss of data
          with
          [
              T=float
          ]
c:\users\ssole\source\repos\solengineproject\zombiegame\pathfinder.cpp(257): warning C4244: 'argument': conversion from 'T' to 'const unsigned int', possible loss of data
          with
          [
              T=float
          ]
c:\users\ssole\source\repos\solengineproject\zombiegame\pathfinder.cpp(257): warning C4244: 'argument': conversion from 'float' to 'int', possible loss of data
c:\users\ssole\source\repos\solengineproject\zombiegame\pathfinder.cpp(258): warning C4244: 'argument': conversion from 'T' to 'const unsigned int', possible loss of data
          with
          [
              T=float
          ]
c:\users\ssole\source\repos\solengineproject\zombiegame\pathfinder.cpp(258): warning C4244: 'argument': conversion from 'float' to 'int', possible loss of data
c:\users\ssole\source\repos\solengineproject\zombiegame\pathfinder.cpp(259): warning C4244: 'argument': conversion from 'T' to 'const unsigned int', possible loss of data
          with
          [
              T=float
          ]
c:\users\ssole\source\repos\solengineproject\zombiegame\pathfinder.cpp(273): warning C4244: 'argument': conversion from 'T' to 'const unsigned int', possible loss of data
          with
          [
              T=float
          ]
c:\users\ssole\source\repos\solengineproject\zombiegame\pathfinder.cpp(275): warning C4244: 'argument': conversion from 'T' to 'const unsigned int', possible loss of data
          with
          [
              T=float
          ]
c:\users\ssole\source\repos\solengineproject\zombiegame\pathfinder.cpp(277): warning C4244: 'argument': conversion from 'T' to 'const unsigned int', possible loss of data
          with
          [
              T=float
          ]
c:\users\ssole\source\repos\solengineproject\zombiegame\pathfinder.cpp(277): warning C4244: 'argument': conversion from 'float' to 'int', possible loss of data
c:\users\ssole\source\repos\solengineproject\zombiegame\pathfinder.cpp(278): warning C4244: 'argument': conversion from 'T' to 'const unsigned int', possible loss of data
          with
          [
              T=float
          ]
c:\users\ssole\source\repos\solengineproject\zombiegame\pathfinder.cpp(278): warning C4244: 'argument': conversion from 'float' to 'int', possible loss of data
c:\users\ssole\source\repos\solengineproject\zombiegame\pathfinder.cpp(279): warning C4244: 'argument': conversion from 'T' to 'const unsigned int', possible loss of data
          with
          [
              T=float
          ]
c:\users\ssole\source\repos\solengineproject\zombiegame\pathfinder.cpp(304): warning C4018: '<': signed/unsigned mismatch
c:\users\ssole\source\repos\solengineproject\zombiegame\pathfinder.cpp(306): warning C4244: 'argument': conversion from 'T' to 'const unsigned int', possible loss of data
          with
          [
              T=float
          ]
  ZombieGame.vcxproj -> C:\Users\Ssole\source\repos\SolengineProject\Debug\ZombieGame.exe
