c:\users\ssole\source\repos\solengineproject\dungeonquest\debug\vc141.pdb
c:\users\ssole\source\repos\solengineproject\dungeonquest\debug\vc141.idb
c:\users\ssole\source\repos\solengineproject\dungeonquest\debug\view.obj
c:\users\ssole\source\repos\solengineproject\dungeonquest\debug\unit.obj
c:\users\ssole\source\repos\solengineproject\dungeonquest\debug\uitext.obj
c:\users\ssole\source\repos\solengineproject\dungeonquest\debug\uiicon.obj
c:\users\ssole\source\repos\solengineproject\dungeonquest\debug\uielement.obj
c:\users\ssole\source\repos\solengineproject\dungeonquest\debug\uibutton.obj
c:\users\ssole\source\repos\solengineproject\dungeonquest\debug\scene.obj
c:\users\ssole\source\repos\solengineproject\dungeonquest\debug\model.obj
c:\users\ssole\source\repos\solengineproject\dungeonquest\debug\main.obj
c:\users\ssole\source\repos\solengineproject\dungeonquest\debug\level.obj
c:\users\ssole\source\repos\solengineproject\dungeonquest\debug\controller.obj
c:\users\ssole\source\repos\solengineproject\debug\dungeonquest.ilk
c:\users\ssole\source\repos\solengineproject\debug\dungeonquest.exe
c:\users\ssole\source\repos\solengineproject\debug\dungeonquest.pdb
c:\users\ssole\source\repos\solengineproject\dungeonquest\debug\dungeonquest.tlog\cl.command.1.tlog
c:\users\ssole\source\repos\solengineproject\dungeonquest\debug\dungeonquest.tlog\cl.read.1.tlog
c:\users\ssole\source\repos\solengineproject\dungeonquest\debug\dungeonquest.tlog\cl.write.1.tlog
c:\users\ssole\source\repos\solengineproject\dungeonquest\debug\dungeonquest.tlog\link.command.1.tlog
c:\users\ssole\source\repos\solengineproject\dungeonquest\debug\dungeonquest.tlog\link.read.1.tlog
c:\users\ssole\source\repos\solengineproject\dungeonquest\debug\dungeonquest.tlog\link.write.1.tlog
